<?xml version="1.0" encoding="UTF-8"?>
<!-- Generated by org.testng.reporters.JUnitReportReporter -->
<testsuite skipped="0" hostname="DESKTOP-HRP830N" name="tests.PerformanceListenerTest" tests="1" failures="0" timestamp="06 MÃ¤r 2019 19:02:44 GMT" time="0.051" errors="0">
  <testcase name="checkForAnomaliesTest_invalid" time="0.051" classname="tests.PerformanceListenerTest"/>
</testsuite> <!-- tests.PerformanceListenerTest -->
